This is pdfTeX, Version 3.14159265-2.6-1.40.16 (MiKTeX 2.9 64-bit) (preloaded format=pdflatex 2016.1.24)  13 MAR 2016 23:57
entering extended mode
**"./Insertion Sort Analysis.tex"
("Insertion Sort Analysis.tex"
LaTeX2e <2015/10/01> patch level 2
Babel <3.9n> and hyphenation patterns for 69 languages loaded.
("C:\Users\owner\AppData\Local\Programs\MiKTeX 2.9\tex\latex\base\article.cls"
Document Class: article 2014/09/29 v1.4h Standard LaTeX document class
("C:\Users\owner\AppData\Local\Programs\MiKTeX 2.9\tex\latex\base\size12.clo"
File: size12.clo 2014/09/29 v1.4h Standard LaTeX file (size option)
)
\c@part=\count79
\c@section=\count80
\c@subsection=\count81
\c@subsubsection=\count82
\c@paragraph=\count83
\c@subparagraph=\count84
\c@figure=\count85
\c@table=\count86
\abovecaptionskip=\skip41
\belowcaptionskip=\skip42
\bibindent=\dimen102
)
("C:\Users\owner\AppData\Local\Programs\MiKTeX 2.9\tex\latex\amsmath\amsmath.st
y"
Package: amsmath 2013/01/14 v2.14 AMS math features
\@mathmargin=\skip43

For additional information on amsmath, use the `?' option.

("C:\Users\owner\AppData\Local\Programs\MiKTeX 2.9\tex\latex\amsmath\amstext.st
y"
Package: amstext 2000/06/29 v2.01

("C:\Users\owner\AppData\Local\Programs\MiKTeX 2.9\tex\latex\amsmath\amsgen.sty
"
File: amsgen.sty 1999/11/30 v2.0
\@emptytoks=\toks14
\ex@=\dimen103
))
("C:\Users\owner\AppData\Local\Programs\MiKTeX 2.9\tex\latex\amsmath\amsbsy.sty
"
Package: amsbsy 1999/11/29 v1.2d
\pmbraise@=\dimen104
)
("C:\Users\owner\AppData\Local\Programs\MiKTeX 2.9\tex\latex\amsmath\amsopn.sty
"
Package: amsopn 1999/12/14 v2.01 operator names
)
\inf@bad=\count87
LaTeX Info: Redefining \frac on input line 210.
\uproot@=\count88
\leftroot@=\count89
LaTeX Info: Redefining \overline on input line 306.
\classnum@=\count90
\DOTSCASE@=\count91
LaTeX Info: Redefining \ldots on input line 378.
LaTeX Info: Redefining \dots on input line 381.
LaTeX Info: Redefining \cdots on input line 466.
\Mathstrutbox@=\box26
\strutbox@=\box27
\big@size=\dimen105
LaTeX Font Info:    Redeclaring font encoding OML on input line 566.
LaTeX Font Info:    Redeclaring font encoding OMS on input line 567.
\macc@depth=\count92
\c@MaxMatrixCols=\count93
\dotsspace@=\muskip10
\c@parentequation=\count94
\dspbrk@lvl=\count95
\tag@help=\toks15
\row@=\count96
\column@=\count97
\maxfields@=\count98
\andhelp@=\toks16
\eqnshift@=\dimen106
\alignsep@=\dimen107
\tagshift@=\dimen108
\tagwidth@=\dimen109
\totwidth@=\dimen110
\lineht@=\dimen111
\@envbody=\toks17
\multlinegap=\skip44
\multlinetaggap=\skip45
\mathdisplay@stack=\toks18
LaTeX Info: Redefining \[ on input line 2665.
LaTeX Info: Redefining \] on input line 2666.
)
("C:\Users\owner\AppData\Local\Programs\MiKTeX 2.9\tex\latex\amsfonts\amssymb.s
ty"
Package: amssymb 2013/01/14 v3.01 AMS font symbols

("C:\Users\owner\AppData\Local\Programs\MiKTeX 2.9\tex\latex\amsfonts\amsfonts.
sty"
Package: amsfonts 2013/01/14 v3.01 Basic AMSFonts support
\symAMSa=\mathgroup4
\symAMSb=\mathgroup5
LaTeX Font Info:    Overwriting math alphabet `\mathfrak' in version `bold'
(Font)                  U/euf/m/n --> U/euf/b/n on input line 106.
))
("C:\Users\owner\AppData\Local\Programs\MiKTeX 2.9\tex\latex\listings\listings.
sty"
("C:\Users\owner\AppData\Local\Programs\MiKTeX 2.9\tex\latex\graphics\keyval.st
y"
Package: keyval 2014/10/28 v1.15 key=value parser (DPC)
\KV@toks@=\toks19
)
\lst@mode=\count99
\lst@gtempboxa=\box28
\lst@token=\toks20
\lst@length=\count100
\lst@currlwidth=\dimen112
\lst@column=\count101
\lst@pos=\count102
\lst@lostspace=\dimen113
\lst@width=\dimen114
\lst@newlines=\count103
\lst@lineno=\count104
\lst@maxwidth=\dimen115

("C:\Users\owner\AppData\Local\Programs\MiKTeX 2.9\tex\latex\listings\lstmisc.s
ty"
File: lstmisc.sty 2015/06/04 1.6 (Carsten Heinz)
\c@lstnumber=\count105
\lst@skipnumbers=\count106
\lst@framebox=\box29
)
("C:\Users\owner\AppData\Local\Programs\MiKTeX 2.9\tex\latex\listings\listings.
cfg"
File: listings.cfg 2015/06/04 1.6 listings configuration
))
Package: listings 2015/06/04 1.6 (Carsten Heinz)

("C:\Users\owner\AppData\Local\Programs\MiKTeX 2.9\tex\latex\tools\indentfirst.
sty"
Package: indentfirst 1995/11/23 v1.03 Indent first paragraph (DPC)
)
("C:\Users\owner\AppData\Local\Programs\MiKTeX 2.9\tex\latex\graphics\graphicx.
sty"
Package: graphicx 2014/10/28 v1.0g Enhanced LaTeX Graphics (DPC,SPQR)

("C:\Users\owner\AppData\Local\Programs\MiKTeX 2.9\tex\latex\graphics\graphics.
sty"
Package: graphics 2014/10/28 v1.0p Standard LaTeX Graphics (DPC,SPQR)

("C:\Users\owner\AppData\Local\Programs\MiKTeX 2.9\tex\latex\graphics\trig.sty"
Package: trig 1999/03/16 v1.09 sin cos tan (DPC)
)
("C:\Users\owner\AppData\Local\Programs\MiKTeX 2.9\tex\latex\00miktex\graphics.
cfg"
File: graphics.cfg 2007/01/18 v1.5 graphics configuration of teTeX/TeXLive
)
Package graphics Info: Driver file: pdftex.def on input line 94.

("C:\Users\owner\AppData\Local\Programs\MiKTeX 2.9\tex\latex\pdftex-def\pdftex.
def"
File: pdftex.def 2011/05/27 v0.06d Graphics/color for pdfTeX

("C:\Users\owner\AppData\Local\Programs\MiKTeX 2.9\tex\generic\oberdiek\infware
rr.sty"
Package: infwarerr 2010/04/08 v1.3 Providing info/warning/error messages (HO)
)
("C:\Users\owner\AppData\Local\Programs\MiKTeX 2.9\tex\generic\oberdiek\ltxcmds
.sty"
Package: ltxcmds 2011/11/09 v1.22 LaTeX kernel commands for general use (HO)
)
\Gread@gobject=\count107
))
\Gin@req@height=\dimen116
\Gin@req@width=\dimen117
)
("C:\Users\owner\AppData\Local\Programs\MiKTeX 2.9\tex\latex\geometry\geometry.
sty"
Package: geometry 2010/09/12 v5.6 Page Geometry

("C:\Users\owner\AppData\Local\Programs\MiKTeX 2.9\tex\generic\oberdiek\ifpdf.s
ty"
Package: ifpdf 2011/01/30 v2.3 Provides the ifpdf switch (HO)
Package ifpdf Info: pdfTeX in PDF mode is detected.
)
("C:\Users\owner\AppData\Local\Programs\MiKTeX 2.9\tex\generic\oberdiek\ifvtex.
sty"
Package: ifvtex 2010/03/01 v1.5 Detect VTeX and its facilities (HO)
Package ifvtex Info: VTeX not detected.
)
("C:\Users\owner\AppData\Local\Programs\MiKTeX 2.9\tex\generic\ifxetex\ifxetex.
sty"
Package: ifxetex 2010/09/12 v0.6 Provides ifxetex conditional
)
\Gm@cnth=\count108
\Gm@cntv=\count109
\c@Gm@tempcnt=\count110
\Gm@bindingoffset=\dimen118
\Gm@wd@mp=\dimen119
\Gm@odd@mp=\dimen120
\Gm@even@mp=\dimen121
\Gm@layoutwidth=\dimen122
\Gm@layoutheight=\dimen123
\Gm@layouthoffset=\dimen124
\Gm@layoutvoffset=\dimen125
\Gm@dimlist=\toks21

("C:\Users\owner\AppData\Local\Programs\MiKTeX 2.9\tex\latex\geometry\geometry.
cfg"))
("C:\Users\owner\AppData\Local\Programs\MiKTeX 2.9\tex\latex\fancyhdr\fancyhdr.
sty"
\fancy@headwidth=\skip46
\f@ncyO@elh=\skip47
\f@ncyO@erh=\skip48
\f@ncyO@olh=\skip49
\f@ncyO@orh=\skip50
\f@ncyO@elf=\skip51
\f@ncyO@erf=\skip52
\f@ncyO@olf=\skip53
\f@ncyO@orf=\skip54
) ("Insertion Sort Analysis.aux")
\openout1 = `"Insertion Sort Analysis.aux"'.

LaTeX Font Info:    Checking defaults for OML/cmm/m/it on input line 28.
LaTeX Font Info:    ... okay on input line 28.
LaTeX Font Info:    Checking defaults for T1/cmr/m/n on input line 28.
LaTeX Font Info:    ... okay on input line 28.
LaTeX Font Info:    Checking defaults for OT1/cmr/m/n on input line 28.
LaTeX Font Info:    ... okay on input line 28.
LaTeX Font Info:    Checking defaults for OMS/cmsy/m/n on input line 28.
LaTeX Font Info:    ... okay on input line 28.
LaTeX Font Info:    Checking defaults for OMX/cmex/m/n on input line 28.
LaTeX Font Info:    ... okay on input line 28.
LaTeX Font Info:    Checking defaults for U/cmr/m/n on input line 28.
LaTeX Font Info:    ... okay on input line 28.
\c@lstlisting=\count111

("C:\Users\owner\AppData\Local\Programs\MiKTeX 2.9\tex\context\base\supp-pdf.mk
ii"
[Loading MPS to PDF converter (version 2006.09.02).]
\scratchcounter=\count112
\scratchdimen=\dimen126
\scratchbox=\box30
\nofMPsegments=\count113
\nofMParguments=\count114
\everyMPshowfont=\toks22
\MPscratchCnt=\count115
\MPscratchDim=\dimen127
\MPnumerator=\count116
\makeMPintoPDFobject=\count117
\everyMPtoPDFconversion=\toks23
)
*geometry* driver: auto-detecting
*geometry* detected driver: pdftex
*geometry* verbose mode - [ preamble ] result:
* driver: pdftex
* paper: <default>
* layout: <same size as paper>
* layoutoffset:(h,v)=(0.0pt,0.0pt)
* modes: 
* h-part:(L,W,R)=(72.26999pt, 469.75502pt, 72.26999pt)
* v-part:(T,H,B)=(72.26999pt, 650.43001pt, 72.26999pt)
* \paperwidth=614.295pt
* \paperheight=794.96999pt
* \textwidth=469.75502pt
* \textheight=650.43001pt
* \oddsidemargin=0.0pt
* \evensidemargin=0.0pt
* \topmargin=-37.0pt
* \headheight=12.0pt
* \headsep=25.0pt
* \topskip=12.0pt
* \footskip=30.0pt
* \marginparwidth=44.0pt
* \marginparsep=10.0pt
* \columnsep=10.0pt
* \skip\footins=10.8pt plus 4.0pt minus 2.0pt
* \hoffset=0.0pt
* \voffset=0.0pt
* \mag=1000
* \@twocolumnfalse
* \@twosidefalse
* \@mparswitchfalse
* \@reversemarginfalse
* (1in=72.27pt=25.4mm, 1cm=28.453pt)

LaTeX Font Info:    Try loading font information for U+msa on input line 30.
("C:\Users\owner\AppData\Local\Programs\MiKTeX 2.9\tex\latex\amsfonts\umsa.fd"
File: umsa.fd 2013/01/14 v3.01 AMS symbols A
)
LaTeX Font Info:    Try loading font information for U+msb on input line 30.
("C:\Users\owner\AppData\Local\Programs\MiKTeX 2.9\tex\latex\amsfonts\umsb.fd"
File: umsb.fd 2013/01/14 v3.01 AMS symbols B
)
Underfull \hbox (badness 10000) in paragraph at lines 38--39

 []


Underfull \hbox (badness 10000) in paragraph at lines 40--41

 []


Underfull \hbox (badness 10000) in paragraph at lines 42--43

 []


Underfull \hbox (badness 10000) in paragraph at lines 49--50

 []

[1

{C:/Users/owner/AppData/Local/MiKTeX/2.9/pdftex/config/pdftex.map}]
LaTeX Font Info:    Try loading font information for OMS+cmr on input line 56.

("C:\Users\owner\AppData\Local\Programs\MiKTeX 2.9\tex\latex\base\omscmr.fd"
File: omscmr.fd 2014/09/29 v2.5h Standard LaTeX font definitions
)
LaTeX Font Info:    Font shape `OMS/cmr/m/n' in size <12> not available
(Font)              Font shape `OMS/cmsy/m/n' tried instead on input line 56.

Underfull \hbox (badness 10000) in paragraph at lines 66--67

 []


Underfull \hbox (badness 10000) in paragraph at lines 68--69

 []

<UserInvolvement.png, id=12, 503.17987pt x 228.855pt>
File: UserInvolvement.png Graphic file (type png)

<use UserInvolvement.png>
Package pdftex.def Info: UserInvolvement.png used on input line 72.
(pdftex.def)             Requested size: 503.17863pt x 228.85443pt.

Overfull \hbox (51.04843pt too wide) in paragraph at lines 72--74
[][]
 []


Package Fancyhdr Warning: \headheight is too small (12.0pt): 
 Make it at least 14.49998pt.
 We now make it that large for the rest of the document.
 This may cause the page layout to be inconsistent, however.

[2] <UserInvolvement2.png, id=18, 496.254pt x 197.83913pt>
File: UserInvolvement2.png Graphic file (type png)

<use UserInvolvement2.png>
Package pdftex.def Info: UserInvolvement2.png used on input line 76.
(pdftex.def)             Requested size: 496.25278pt x 197.83864pt.

Overfull \hbox (44.12257pt too wide) in paragraph at lines 76--79
[][]
 []

[3 <./UserInvolvement.png> <./UserInvolvement2.png>]
Underfull \hbox (badness 10000) in paragraph at lines 88--90

 []


Underfull \hbox (badness 10000) in paragraph at lines 91--92

 []


Underfull \hbox (badness 10000) in paragraph at lines 93--94

 []

<INSERTION-SORT.png, id=24, 203.5605pt x 93.34875pt>
File: INSERTION-SORT.png Graphic file (type png)
 <use INSERTION-SORT.png>
Package pdftex.def Info: INSERTION-SORT.png used on input line 100.
(pdftex.def)             Requested size: 203.56pt x 93.34851pt.

Underfull \hbox (badness 10000) in paragraph at lines 103--104

 []


Underfull \hbox (badness 10000) in paragraph at lines 110--111

 []

<myInsertSort.png, id=25, 543.2295pt x 374.90062pt>
File: myInsertSort.png Graphic file (type png)
 <use myInsertSort.png>
Package pdftex.def Info: myInsertSort.png used on input line 114.
(pdftex.def)             Requested size: 543.22816pt x 374.8997pt.

Overfull \hbox (91.09796pt too wide) in paragraph at lines 114--115
[][] 
 []

[4 <./INSERTION-SORT.png>]
Underfull \hbox (badness 10000) in paragraph at lines 128--128
[]\OT1/cmr/m/n/12 Array of length
 []


Underfull \hbox (badness 1742) in paragraph at lines 130--130
[]\OT1/cmr/m/n/12 Array of neg-a-tive
 []


Underfull \hbox (badness 10000) in paragraph at lines 132--132
\OT1/cmr/m/n/12 sorted, I ex-pect
 []


Underfull \hbox (badness 10000) in paragraph at lines 132--132
\OT1/cmr/m/n/12 that the times
 []


Underfull \hbox (badness 6477) in paragraph at lines 132--132
\OT1/cmr/m/n/12 for Best, Worst,
 []


Underfull \hbox (badness 10000) in paragraph at lines 132--132
[]\OT1/cmr/m/n/12 After mul-ti-ple
 []


Underfull \hbox (badness 2318) in paragraph at lines 132--132
\OT1/cmr/m/n/12 tri-als, the re-sults
 []


Underfull \hbox (badness 10000) in paragraph at lines 132--132
\OT1/cmr/m/n/12 were ei-ther the
 []


Underfull \hbox (badness 3039) in paragraph at lines 132--132
\OT1/cmr/m/n/12 same time, or a
 []


Underfull \hbox (badness 4954) in paragraph at lines 132--132
\OT1/cmr/m/n/12 time dif-fer-ing by
 []


Underfull \hbox (badness 10000) in paragraph at lines 132--132
\OT1/cmr/m/n/12 (at most) 2000
 []


Underfull \hbox (badness 10000) in paragraph at lines 132--133
[]\OT1/cmr/m/n/12 Since the times
 []


Underfull \hbox (badness 6428) in paragraph at lines 132--133
\OT1/cmr/m/n/12 were never more
 []


Underfull \hbox (badness 8075) in paragraph at lines 132--133
\OT1/cmr/m/n/12 onds apart from
 []


Underfull \hbox (badness 2865) in paragraph at lines 132--133
\OT1/cmr/m/n/12 it is safe to as-
 []


Underfull \hbox (badness 10000) in paragraph at lines 132--133
\OT1/cmr/m/n/12 sume that those
 []


Underfull \hbox (badness 6300) in paragraph at lines 132--133
\OT1/cmr/m/n/12 the \OT1/cmr/m/it/12 Time-ToSort()
 []


Underfull \hbox (badness 10000) in paragraph at lines 132--133
\OT1/cmr/m/n/12 method, rather
 []


Underfull \hbox (badness 10000) in paragraph at lines 132--133
\OT1/cmr/m/n/12 than the ac-tual
 []


Underfull \hbox (badness 10000) in paragraph at lines 134--134
[]\OT1/cmr/m/n/12 Array with null
 []


Underfull \hbox (badness 3158) in paragraph at lines 134--134
\OT1/cmr/m/n/12 be made. This
 []


Underfull \hbox (badness 3895) in paragraph at lines 134--134
\OT1/cmr/m/n/12 dur-ing the as-ser-
 []


Underfull \hbox (badness 1087) in paragraph at lines 134--134
\OT1/cmr/m/n/12 tion phase of the
 []


Underfull \hbox (badness 4013) in paragraph at lines 136--136
[]\OT1/cmr/m/n/12 My pro-gram will
 []


Underfull \hbox (badness 10000) in paragraph at lines 136--136
\OT1/cmr/m/n/12 prob-a-bly throw
 []


Underfull \hbox (badness 10000) in paragraph at lines 136--136
\OT1/cmr/m/n/12 the scan-ner was
 []


Underfull \hbox (badness 10000) in paragraph at lines 136--136
\OT1/cmr/m/n/12 ex-pect-ing and
 []


Underfull \hbox (badness 10000) in paragraph at lines 136--137
[]\OT1/cmr/m/n/12 Implemented a
 []


Underfull \hbox (badness 10000) in paragraph at lines 136--137
\OT1/cmr/m/n/12 an-tee that the
 []


Underfull \hbox (badness 1762) in paragraph at lines 138--138
[]\OT1/cmr/m/n/12 Replying any-thing
 []


Underfull \hbox (badness 1742) in paragraph at lines 138--138
[]\OT1/cmr/m/n/12 The pro-gram will
 []


Underfull \hbox (badness 10000) in paragraph at lines 138--138
\OT1/cmr/m/n/12 as-sume that the
 []


Underfull \hbox (badness 3503) in paragraph at lines 138--138
\OT1/cmr/m/n/12 to see the ar-ray
 []

[5 <./myInsertSort.png>]
<zeroandnegativeinputs.png, id=37, 339.97012pt x 99.07013pt> [6]
File: zeroandnegativeinputs.png Graphic file (type png)

<use zeroandnegativeinputs.png>
Package pdftex.def Info: zeroandnegativeinputs.png used on input line 147.
(pdftex.def)             Requested size: 339.96928pt x 99.06987pt.

<BadInput.png, id=41, 552.56438pt x 371.58826pt>
File: BadInput.png Graphic file (type png)
 <use BadInput.png>
Package pdftex.def Info: BadInput.png used on input line 152.
(pdftex.def)             Requested size: 552.56302pt x 371.58734pt.

Overfull \hbox (100.43282pt too wide) in paragraph at lines 152--154
[][]
 []

<SolutionBadInput.png, id=42, 598.33537pt x 445.665pt>
File: SolutionBadInput.png Graphic file (type png)

<use SolutionBadInput.png>
Package pdftex.def Info: SolutionBadInput.png used on input line 157.
(pdftex.def)             Requested size: 598.33391pt x 445.66391pt.

Overfull \hbox (146.2037pt too wide) in paragraph at lines 157--159
[][]
 []

[7 <./zeroandnegativeinputs.png> <./BadInput.png>]
Underfull \hbox (badness 10000) in paragraph at lines 167--168

 []

[8 <./SolutionBadInput.png>]
Underfull \hbox (badness 10000) in paragraph at lines 169--170

 []


Underfull \hbox (badness 10000) in paragraph at lines 184--185

 []


Underfull \hbox (badness 10000) in paragraph at lines 189--190

 []

<negativeSize.png, id=53, 501.37312pt x 370.986pt>
File: negativeSize.png Graphic file (type png)
 <use negativeSize.png>
Package pdftex.def Info: negativeSize.png used on input line 194.
(pdftex.def)             Requested size: 469.77603pt x 347.60603pt.

Overfull \hbox (17.64583pt too wide) in paragraph at lines 194--195
[][] 
 []

[9] <sizeSolution.png, id=57, 560.39363pt x 424.28513pt>
File: sizeSolution.png Graphic file (type png)

<use sizeSolution.png>
Package pdftex.def Info: sizeSolution.png used on input line 200.
(pdftex.def)             Requested size: 469.76118pt x 355.6655pt.

Overfull \hbox (17.63098pt too wide) in paragraph at lines 200--202
[][]
 []

[10 <./negativeSize.png>] [11 <./sizeSolution.png>]
<problemSaving.png, id=66, 422.17725pt x 135.20512pt>
File: problemSaving.png Graphic file (type png)
 <use problemSaving.png>
Package pdftex.def Info: problemSaving.png used on input line 212.
(pdftex.def)             Requested size: 422.17621pt x 135.20477pt.

<problemSavingReason.png, id=67, 452.892pt x 170.73787pt>
File: problemSavingReason.png Graphic file (type png)

<use problemSavingReason.png>
Package pdftex.def Info: problemSavingReason.png used on input line 218.
(pdftex.def)             Requested size: 452.89088pt x 170.73744pt.

Overfull \hbox (0.76068pt too wide) in paragraph at lines 218--220
[][]
 []

[12 <./problemSaving.png> <./problemSavingReason.png>]
Overfull \hbox (35.69644pt too wide) in paragraph at lines 224--224
[]\OT1/cmr/bx/n/17.28 EXPERIMENTAL ANAL-Y-SIS AND ASYMP-TOTIC RUN-
 []


Underfull \hbox (badness 10000) in paragraph at lines 225--226

 []

<DataToPlot.png, id=73, 247.52475pt x 134.904pt>
File: DataToPlot.png Graphic file (type png)
 <use DataToPlot.png>
Package pdftex.def Info: DataToPlot.png used on input line 227.
(pdftex.def)             Requested size: 247.52414pt x 134.90367pt.

<bigO.png, id=74, 204.16275pt x 179.77162pt>
File: bigO.png Graphic file (type png)
 <use bigO.png>
Package pdftex.def Info: bigO.png used on input line 232.
(pdftex.def)             Requested size: 204.16225pt x 179.77116pt.

Underfull \hbox (badness 10000) in paragraph at lines 232--234

 []

[13 <./DataToPlot.png>] <BestCaseGraph.png, id=80, 352.31625pt x 212.29312pt>
File: BestCaseGraph.png Graphic file (type png)

<use BestCaseGraph.png>
Package pdftex.def Info: BestCaseGraph.png used on input line 237.
(pdftex.def)             Requested size: 352.31538pt x 212.2926pt.
 <bigOSquared.png, id=81, 204.16275pt x 179.77162pt>
File: bigOSquared.png Graphic file (type png)

<use bigOSquared.png>
Package pdftex.def Info: bigOSquared.png used on input line 246.
(pdftex.def)             Requested size: 204.16225pt x 179.77116pt.

Underfull \hbox (badness 10000) in paragraph at lines 246--248

 []

[14 <./bigO.png> <./BestCaseGraph.png>]
<WorstCaseGraph.png, id=87, 356.532pt x 215.30438pt>
File: WorstCaseGraph.png Graphic file (type png)
 <use WorstCaseGraph.png>
Package pdftex.def Info: WorstCaseGraph.png used on input line 251.
(pdftex.def)             Requested size: 356.53111pt x 215.30385pt.
File: bigOSquared.png Graphic file (type png)

<use bigOSquared.png>
Package pdftex.def Info: bigOSquared.png used on input line 258.
(pdftex.def)             Requested size: 204.16225pt x 179.77116pt.

Underfull \hbox (badness 10000) in paragraph at lines 258--260

 []

[15 <./bigOSquared.png> <./WorstCaseGraph.png>]
<AverageCaseGraph.png, id=93, 358.941pt x 217.11113pt>
File: AverageCaseGraph.png Graphic file (type png)

<use AverageCaseGraph.png>
Package pdftex.def Info: AverageCaseGraph.png used on input line 263.
(pdftex.def)             Requested size: 358.94011pt x 217.11058pt.
 [16 <./AverageCaseGraph.png>]
("C:\Users\owner\AppData\Local\Programs\MiKTeX 2.9\tex\latex\listings\lstlang1.
sty"
File: lstlang1.sty 2015/06/04 1.6 listings language file
) (sortingAnalysis.txt
LaTeX Font Info:    Font shape `OMS/cmr/m/it' in size <12> not available
(Font)              Font shape `OMS/cmsy/m/n' tried instead on input line 9.
LaTeX Font Info:    Try loading font information for OML+cmr on input line 11.

("C:\Users\owner\AppData\Local\Programs\MiKTeX 2.9\tex\latex\base\omlcmr.fd"
File: omlcmr.fd 2014/09/29 v2.5h Standard LaTeX font definitions
)
LaTeX Font Info:    Font shape `OML/cmr/m/it' in size <12> not available
(Font)              Font shape `OML/cmm/m/it' tried instead on input line 11.

[17] [18]
LaTeX Font Info:    Font shape `OML/cmr/m/n' in size <12> not available
(Font)              Font shape `OML/cmm/m/it' tried instead on input line 102.
 [19] [20] [21]) [22]
Underfull \hbox (badness 10000) in paragraph at lines 281--282

 []


Underfull \hbox (badness 10000) in paragraph at lines 283--284

 []

(Insertionsort.txt [23] [24]) [25]
Underfull \hbox (badness 10000) in paragraph at lines 293--294

 []


Underfull \hbox (badness 10000) in paragraph at lines 295--296

 []

(insertionSortDecreasing.txt [26] [27]) [28]
<appendixd.png, id=136, 450.483pt x 467.64713pt>
File: appendixd.png Graphic file (type png)
 <use appendixd.png>
Package pdftex.def Info: appendixd.png used on input line 304.
(pdftex.def)             Requested size: 450.48189pt x 467.64598pt.
 [29 <./appendixd.png>]
Underfull \hbox (badness 10000) in paragraph at lines 308--309

 []

Missing character: There is no â in font cmr12!
Missing character: There is no € in font cmr12!
Missing character: There is no “ in font cmr12!
Missing character: There is no â in font cmr12!
Missing character: There is no € in font cmr12!
Missing character: There is no “ in font cmr12!

Overfull \hbox (30.72914pt too wide) in paragraph at lines 310--311
\OT1/cmr/m/n/12 Top-coder. Ac-cessed Jan-uary 31, 2016. https://www.topcoder.co
m/community/data-science/data-
 []


Underfull \hbox (badness 10000) in paragraph at lines 310--311

 []


Overfull \hbox (56.53119pt too wide) in paragraph at lines 312--313
\OT1/cmr/m/n/12 gram-ming. April 01, 2008. Ac-cessed Jan-uary 31, 2016. http://
www.nairaland.com/124053/importance-
 []

[30] ("Insertion Sort Analysis.aux") ) 
Here is how much of TeX's memory you used:
 4132 strings out of 493634
 57475 string characters out of 3135239
 264679 words of memory out of 3000000
 7449 multiletter control sequences out of 15000+200000
 13358 words of font info for 51 fonts, out of 3000000 for 9000
 1025 hyphenation exceptions out of 8191
 32i,11n,43p,1163b,1643s stack positions out of 5000i,500n,10000p,200000b,50000s
<C:/Users/owner/AppData/Local/Programs/Mi
KTeX 2.9/fonts/type1/public/amsfonts/cm/cmbx10.pfb><C:/Users/owner/AppData/Loca
l/Programs/MiKTeX 2.9/fonts/type1/public/amsfonts/cm/cmbx12.pfb><C:/Users/owner
/AppData/Local/Programs/MiKTeX 2.9/fonts/type1/public/amsfonts/cm/cmmi12.pfb><C
:/Users/owner/AppData/Local/Programs/MiKTeX 2.9/fonts/type1/public/amsfonts/cm/
cmmi8.pfb><C:/Users/owner/AppData/Local/Programs/MiKTeX 2.9/fonts/type1/public/
amsfonts/cm/cmr10.pfb><C:/Users/owner/AppData/Local/Programs/MiKTeX 2.9/fonts/t
ype1/public/amsfonts/cm/cmr12.pfb><C:/Users/owner/AppData/Local/Programs/MiKTeX
 2.9/fonts/type1/public/amsfonts/cm/cmr17.pfb><C:/Users/owner/AppData/Local/Pro
grams/MiKTeX 2.9/fonts/type1/public/amsfonts/cm/cmr8.pfb><C:/Users/owner/AppDat
a/Local/Programs/MiKTeX 2.9/fonts/type1/public/amsfonts/cm/cmsy10.pfb><C:/Users
/owner/AppData/Local/Programs/MiKTeX 2.9/fonts/type1/public/amsfonts/cm/cmsy8.p
fb><C:/Users/owner/AppData/Local/Programs/MiKTeX 2.9/fonts/type1/public/amsfont
s/cm/cmti12.pfb>
Output written on "Insertion Sort Analysis.pdf" (30 pages, 1110508 bytes).
PDF statistics:
 179 PDF objects out of 1000 (max. 8388607)
 0 named destinations out of 1000 (max. 500000)
 91 words of extra memory for PDF output out of 10000 (max. 10000000)

